c:\users\romain\onedrive\documents\cours polytech 3a\semestre 2\projet c++ pt 2\projet-cplusplus-partie2\graphe\graphe\x64\debug\graphe.pch
c:\users\romain\onedrive\documents\cours polytech 3a\semestre 2\projet c++ pt 2\projet-cplusplus-partie2\graphe\graphe\x64\debug\vc141.pdb
c:\users\romain\onedrive\documents\cours polytech 3a\semestre 2\projet c++ pt 2\projet-cplusplus-partie2\graphe\graphe\x64\debug\vc141.idb
c:\users\romain\onedrive\documents\cours polytech 3a\semestre 2\projet c++ pt 2\projet-cplusplus-partie2\graphe\graphe\x64\debug\stdafx.obj
c:\users\romain\onedrive\documents\cours polytech 3a\semestre 2\projet c++ pt 2\projet-cplusplus-partie2\graphe\graphe\x64\debug\cexceptions.obj
c:\users\romain\onedrive\documents\cours polytech 3a\semestre 2\projet c++ pt 2\projet-cplusplus-partie2\graphe\graphe\x64\debug\graphe.obj
c:\users\romain\onedrive\documents\cours polytech 3a\semestre 2\projet c++ pt 2\projet-cplusplus-partie2\graphe\graphe\x64\debug\csommet.obj
c:\users\romain\onedrive\documents\cours polytech 3a\semestre 2\projet c++ pt 2\projet-cplusplus-partie2\graphe\graphe\x64\debug\carc.obj
c:\users\romain\onedrive\documents\cours polytech 3a\semestre 2\projet c++ pt 2\projet-cplusplus-partie2\graphe\graphe\x64\debug\cgraphe.obj
c:\users\romain\onedrive\documents\cours polytech 3a\semestre 2\projet c++ pt 2\projet-cplusplus-partie2\graphe\graphe\x64\debug\cload.obj
c:\users\romain\onedrive\documents\cours polytech 3a\semestre 2\projet c++ pt 2\projet-cplusplus-partie2\graphe\x64\debug\graphe.pdb
c:\users\romain\onedrive\documents\cours polytech 3a\semestre 2\projet c++ pt 2\projet-cplusplus-partie2\graphe\graphe\x64\debug\graphe.tlog\cl.command.1.tlog
c:\users\romain\onedrive\documents\cours polytech 3a\semestre 2\projet c++ pt 2\projet-cplusplus-partie2\graphe\graphe\x64\debug\graphe.tlog\cl.read.1.tlog
c:\users\romain\onedrive\documents\cours polytech 3a\semestre 2\projet c++ pt 2\projet-cplusplus-partie2\graphe\graphe\x64\debug\graphe.tlog\cl.write.1.tlog
c:\users\romain\onedrive\documents\cours polytech 3a\semestre 2\projet c++ pt 2\projet-cplusplus-partie2\graphe\graphe\x64\debug\graphe.tlog\link-cvtres.read.1.tlog
c:\users\romain\onedrive\documents\cours polytech 3a\semestre 2\projet c++ pt 2\projet-cplusplus-partie2\graphe\graphe\x64\debug\graphe.tlog\link-cvtres.write.1.tlog
c:\users\romain\onedrive\documents\cours polytech 3a\semestre 2\projet c++ pt 2\projet-cplusplus-partie2\graphe\graphe\x64\debug\graphe.tlog\link-rc.read.1.tlog
c:\users\romain\onedrive\documents\cours polytech 3a\semestre 2\projet c++ pt 2\projet-cplusplus-partie2\graphe\graphe\x64\debug\graphe.tlog\link-rc.write.1.tlog
c:\users\romain\onedrive\documents\cours polytech 3a\semestre 2\projet c++ pt 2\projet-cplusplus-partie2\graphe\graphe\x64\debug\graphe.tlog\link.command.1.tlog
c:\users\romain\onedrive\documents\cours polytech 3a\semestre 2\projet c++ pt 2\projet-cplusplus-partie2\graphe\graphe\x64\debug\graphe.tlog\link.read.1.tlog
c:\users\romain\onedrive\documents\cours polytech 3a\semestre 2\projet c++ pt 2\projet-cplusplus-partie2\graphe\graphe\x64\debug\graphe.tlog\link.write.1.tlog
